18:18:02 **** Incremental Build of configuration Debug for project Cronometro ****
make -j8 all 
arm-none-eabi-gcc "../Core/Src/main.c" -mcpu=cortex-m3 -std=gnu11 -g3 -DUSE_HAL_DRIVER -DSTM32F103xB -DDEBUG -c -I../Drivers/CMSIS/Device/ST/STM32F1xx/Include -I../Drivers/CMSIS/Include -I../Core/Inc -I../Drivers/STM32F1xx_HAL_Driver/Inc/Legacy -I../Drivers/STM32F1xx_HAL_Driver/Inc -O0 -ffunction-sections -fdata-sections -Wall -fstack-usage -MMD -MP -MF"Core/Src/main.d" -MT"Core/Src/main.o" --specs=nano.specs -mfloat-abi=soft -mthumb -o "Core/Src/main.o"
../Core/Src/main.c: In function 'main':
../Core/Src/main.c:129:7: warning: suggest parentheses around assignment used as truth value [-Wparentheses]
    if(status_pin = false){
       ^~~~~~~~~~
arm-none-eabi-gcc -o "Cronometro.elf" @"objects.list"   -mcpu=cortex-m3 -T"C:\Users\cesar\STM32CubeIDE\workspace_1.2.0\Projeto-stm32\Cronometro\STM32F103C8TX_FLASH.ld" --specs=nosys.specs -Wl,-Map="Cronometro.map" -Wl,--gc-sections -static --specs=nano.specs -mfloat-abi=soft -mthumb -Wl,--start-group -lc -lm -Wl,--end-group
Finished building target: Cronometro.elf
 
arm-none-eabi-objdump -h -S  Cronometro.elf  > "Cronometro.list"
arm-none-eabi-objcopy  -O binary  Cronometro.elf  "Cronometro.bin"
arm-none-eabi-size   Cronometro.elf 
   text	   data	    bss	    dec	    hex	filename
  13564	     28	   2684	  16276	   3f94	Cronometro.elf
Finished building: default.size.stdout
 
Finished building: Cronometro.bin
 
Finished building: Cronometro.list
 
18:18:07 **** Incremental Build of configuration Debug for project Cronometro ****
make -j8 all 
arm-none-eabi-size   Cronometro.elf 
   text	   data	    bss	    dec	    hex	filename
  13564	     28	   2684	  16276	   3f94	Cronometro.elf
Finished building: default.size.stdout
 
18:18:19 **** Incremental Build of configuration Debug for project Cronometro ****
make -j8 all 
arm-none-eabi-size   Cronometro.elf 
   text	   data	    bss	    dec	    hex	filename
  13564	     28	   2684	  16276	   3f94	Cronometro.elf
Finished building: default.size.stdout
 
18:18:38 **** Incremental Build of configuration Debug for project Cronometro ****
make -j8 all 
arm-none-eabi-size   Cronometro.elf 
   text	   data	    bss	    dec	    hex	filename
  13564	     28	   2684	  16276	   3f94	Cronometro.elf
Finished building: default.size.stdout
 
18:18:47 **** Incremental Build of configuration Debug for project Cronometro ****
make -j8 all 
arm-none-eabi-size   Cronometro.elf 
   text	   data	    bss	    dec	    hex	filename
  13564	     28	   2684	  16276	   3f94	Cronometro.elf
Finished building: default.size.stdout
 
18:19:07 **** Incremental Build of configuration Debug for project Cronometro ****
make -j8 all 
arm-none-eabi-size   Cronometro.elf 
   text	   data	    bss	    dec	    hex	filename
  13564	     28	   2684	  16276	   3f94	Cronometro.elf
Finished building: default.size.stdout
 
18:21:04 **** Incremental Build of configuration Debug for project Cronometro ****
make -j8 all 
arm-none-eabi-gcc "../Core/Src/main.c" -mcpu=cortex-m3 -std=gnu11 -g3 -DUSE_HAL_DRIVER -DSTM32F103xB -DDEBUG -c -I../Drivers/CMSIS/Device/ST/STM32F1xx/Include -I../Drivers/CMSIS/Include -I../Core/Inc -I../Drivers/STM32F1xx_HAL_Driver/Inc/Legacy -I../Drivers/STM32F1xx_HAL_Driver/Inc -O0 -ffunction-sections -fdata-sections -Wall -fstack-usage -MMD -MP -MF"Core/Src/main.d" -MT"Core/Src/main.o" --specs=nano.specs -mfloat-abi=soft -mthumb -o "Core/Src/main.o"
../Core/Src/main.c: In function 'main':
../Core/Src/main.c:129:7: warning: suggest parentheses around assignment used as truth value [-Wparentheses]
    if(status_pin = false){
       ^~~~~~~~~~
arm-none-eabi-gcc -o "Cronometro.elf" @"objects.list"   -mcpu=cortex-m3 -T"C:\Users\cesar\STM32CubeIDE\workspace_1.2.0\Projeto-stm32\Cronometro\STM32F103C8TX_FLASH.ld" --specs=nosys.specs -Wl,-Map="Cronometro.map" -Wl,--gc-sections -static --specs=nano.specs -mfloat-abi=soft -mthumb -Wl,--start-group -lc -lm -Wl,--end-group
Finished building target: Cronometro.elf
 
arm-none-eabi-objdump -h -S  Cronometro.elf  > "Cronometro.list"
arm-none-eabi-objcopy  -O binary  Cronometro.elf  "Cronometro.bin"
arm-none-eabi-size   Cronometro.elf 
   text	   data	    bss	    dec	    hex	filename
  13564	     28	   2684	  16276	   3f94	Cronometro.elf
Finished building: default.size.stdout
 
Finished building: Cronometro.bin
Finished building: Cronometro.list
 
 
18:22:06 **** Incremental Build of configuration Debug for project Cronometro ****
make -j8 all 
arm-none-eabi-gcc "../Core/Src/main.c" -mcpu=cortex-m3 -std=gnu11 -g3 -DUSE_HAL_DRIVER -DSTM32F103xB -DDEBUG -c -I../Drivers/CMSIS/Device/ST/STM32F1xx/Include -I../Drivers/CMSIS/Include -I../Core/Inc -I../Drivers/STM32F1xx_HAL_Driver/Inc/Legacy -I../Drivers/STM32F1xx_HAL_Driver/Inc -O0 -ffunction-sections -fdata-sections -Wall -fstack-usage -MMD -MP -MF"Core/Src/main.d" -MT"Core/Src/main.o" --specs=nano.specs -mfloat-abi=soft -mthumb -o "Core/Src/main.o"
arm-none-eabi-gcc -o "Cronometro.elf" @"objects.list"   -mcpu=cortex-m3 -T"C:\Users\cesar\STM32CubeIDE\workspace_1.2.0\Projeto-stm32\Cronometro\STM32F103C8TX_FLASH.ld" --specs=nosys.specs -Wl,-Map="Cronometro.map" -Wl,--gc-sections -static --specs=nano.specs -mfloat-abi=soft -mthumb -Wl,--start-group -lc -lm -Wl,--end-group
Finished building target: Cronometro.elf
 
arm-none-eabi-objdump -h -S  Cronometro.elf  > "Cronometro.list"
arm-none-eabi-objcopy  -O binary  Cronometro.elf  "Cronometro.bin"
arm-none-eabi-size   Cronometro.elf 
   text	   data	    bss	    dec	    hex	filename
  13588	     28	   2684	  16300	   3fac	Cronometro.elf
Finished building: default.size.stdout
 
Finished building: Cronometro.bin
Finished building: Cronometro.list
 
 
18:22:52 **** Incremental Build of configuration Debug for project Cronometro ****
make -j8 all 
arm-none-eabi-gcc "../Core/Src/main.c" -mcpu=cortex-m3 -std=gnu11 -g3 -DUSE_HAL_DRIVER -DSTM32F103xB -DDEBUG -c -I../Drivers/CMSIS/Device/ST/STM32F1xx/Include -I../Drivers/CMSIS/Include -I../Core/Inc -I../Drivers/STM32F1xx_HAL_Driver/Inc/Legacy -I../Drivers/STM32F1xx_HAL_Driver/Inc -O0 -ffunction-sections -fdata-sections -Wall -fstack-usage -MMD -MP -MF"Core/Src/main.d" -MT"Core/Src/main.o" --specs=nano.specs -mfloat-abi=soft -mthumb -o "Core/Src/main.o"
../Core/Src/main.c: In function 'main':
../Core/Src/main.c:121:6: warning: statement with no effect [-Wunused-value]
      !status_pin;
      ^~~~~~~~~~~
arm-none-eabi-gcc -o "Cronometro.elf" @"objects.list"   -mcpu=cortex-m3 -T"C:\Users\cesar\STM32CubeIDE\workspace_1.2.0\Projeto-stm32\Cronometro\STM32F103C8TX_FLASH.ld" --specs=nosys.specs -Wl,-Map="Cronometro.map" -Wl,--gc-sections -static --specs=nano.specs -mfloat-abi=soft -mthumb -Wl,--start-group -lc -lm -Wl,--end-group
Finished building target: Cronometro.elf
 
arm-none-eabi-objdump -h -S  Cronometro.elf  > "Cronometro.list"
arm-none-eabi-objcopy  -O binary  Cronometro.elf  "Cronometro.bin"
arm-none-eabi-size   Cronometro.elf 
   text	   data	    bss	    dec	    hex	filename
  13572	     28	   2684	  16284	   3f9c	Cronometro.elf
Finished building: default.size.stdout
 
Finished building: Cronometro.bin
Finished building: Cronometro.list
 
 
18:23:31 **** Incremental Build of configuration Debug for project Cronometro ****
make -j8 all 
arm-none-eabi-gcc "../Core/Src/main.c" -mcpu=cortex-m3 -std=gnu11 -g3 -DUSE_HAL_DRIVER -DSTM32F103xB -DDEBUG -c -I../Drivers/CMSIS/Device/ST/STM32F1xx/Include -I../Drivers/CMSIS/Include -I../Core/Inc -I../Drivers/STM32F1xx_HAL_Driver/Inc/Legacy -I../Drivers/STM32F1xx_HAL_Driver/Inc -O0 -ffunction-sections -fdata-sections -Wall -fstack-usage -MMD -MP -MF"Core/Src/main.d" -MT"Core/Src/main.o" --specs=nano.specs -mfloat-abi=soft -mthumb -o "Core/Src/main.o"
../Core/Src/main.c: In function 'main':
../Core/Src/main.c:121:6: warning: '~' on a boolean expression [-Wbool-operation]
      ~status_pin;
      ^
../Core/Src/main.c:121:6: note: did you mean to use logical not?
      ~status_pin;
      ^
      !
../Core/Src/main.c:121:6: warning: statement with no effect [-Wunused-value]
      ~status_pin;
      ^~~~~~~~~~~
arm-none-eabi-gcc -o "Cronometro.elf" @"objects.list"   -mcpu=cortex-m3 -T"C:\Users\cesar\STM32CubeIDE\workspace_1.2.0\Projeto-stm32\Cronometro\STM32F103C8TX_FLASH.ld" --specs=nosys.specs -Wl,-Map="Cronometro.map" -Wl,--gc-sections -static --specs=nano.specs -mfloat-abi=soft -mthumb -Wl,--start-group -lc -lm -Wl,--end-group
Finished building target: Cronometro.elf
 
arm-none-eabi-objdump -h -S  Cronometro.elf  > "Cronometro.list"
arm-none-eabi-objcopy  -O binary  Cronometro.elf  "Cronometro.bin"
arm-none-eabi-size   Cronometro.elf 
   text	   data	    bss	    dec	    hex	filename
  13576	     28	   2684	  16288	   3fa0	Cronometro.elf
Finished building: default.size.stdout
 
Finished building: Cronometro.bin
 
Finished building: Cronometro.list
 
18:24:24 **** Incremental Build of configuration Debug for project Cronometro ****
make -j8 all 
arm-none-eabi-gcc "../Core/Src/main.c" -mcpu=cortex-m3 -std=gnu11 -g3 -DUSE_HAL_DRIVER -DSTM32F103xB -DDEBUG -c -I../Drivers/CMSIS/Device/ST/STM32F1xx/Include -I../Drivers/CMSIS/Include -I../Core/Inc -I../Drivers/STM32F1xx_HAL_Driver/Inc/Legacy -I../Drivers/STM32F1xx_HAL_Driver/Inc -O0 -ffunction-sections -fdata-sections -Wall -fstack-usage -MMD -MP -MF"Core/Src/main.d" -MT"Core/Src/main.o" --specs=nano.specs -mfloat-abi=soft -mthumb -o "Core/Src/main.o"
../Core/Src/main.c: In function 'main':
../Core/Src/main.c:121:18: error: expected expression before ';' token
      status_pin!=;
                  ^
make: *** [Core/Src/subdir.mk:44: Core/Src/main.o] Error 1
"make -j8 all" terminated with exit code 2. Build might be incomplete.
18:24:39 **** Incremental Build of configuration Debug for project Cronometro ****
make -j8 all 
arm-none-eabi-gcc "../Core/Src/main.c" -mcpu=cortex-m3 -std=gnu11 -g3 -DUSE_HAL_DRIVER -DSTM32F103xB -DDEBUG -c -I../Drivers/CMSIS/Device/ST/STM32F1xx/Include -I../Drivers/CMSIS/Include -I../Core/Inc -I../Drivers/STM32F1xx_HAL_Driver/Inc/Legacy -I../Drivers/STM32F1xx_HAL_Driver/Inc -O0 -ffunction-sections -fdata-sections -Wall -fstack-usage -MMD -MP -MF"Core/Src/main.d" -MT"Core/Src/main.o" --specs=nano.specs -mfloat-abi=soft -mthumb -o "Core/Src/main.o"
arm-none-eabi-gcc -o "Cronometro.elf" @"objects.list"   -mcpu=cortex-m3 -T"C:\Users\cesar\STM32CubeIDE\workspace_1.2.0\Projeto-stm32\Cronometro\STM32F103C8TX_FLASH.ld" --specs=nosys.specs -Wl,-Map="Cronometro.map" -Wl,--gc-sections -static --specs=nano.specs -mfloat-abi=soft -mthumb -Wl,--start-group -lc -lm -Wl,--end-group
Finished building target: Cronometro.elf
 
arm-none-eabi-objdump -h -S  Cronometro.elf  > "Cronometro.list"
arm-none-eabi-objcopy  -O binary  Cronometro.elf  "Cronometro.bin"
arm-none-eabi-size   Cronometro.elf 
   text	   data	    bss	    dec	    hex	filename
  13620	     28	   2684	  16332	   3fcc	Cronometro.elf
Finished building: default.size.stdout
 
Finished building: Cronometro.bin
Finished building: Cronometro.list
 
 
18:30:19 **** Incremental Build of configuration Debug for project Cronometro ****
make -j8 all 
arm-none-eabi-gcc "../Core/Src/main.c" -mcpu=cortex-m3 -std=gnu11 -g3 -DUSE_HAL_DRIVER -DSTM32F103xB -DDEBUG -c -I../Drivers/CMSIS/Device/ST/STM32F1xx/Include -I../Drivers/CMSIS/Include -I../Core/Inc -I../Drivers/STM32F1xx_HAL_Driver/Inc/Legacy -I../Drivers/STM32F1xx_HAL_Driver/Inc -O0 -ffunction-sections -fdata-sections -Wall -fstack-usage -MMD -MP -MF"Core/Src/main.d" -MT"Core/Src/main.o" --specs=nano.specs -mfloat-abi=soft -mthumb -o "Core/Src/main.o"
arm-none-eabi-gcc -o "Cronometro.elf" @"objects.list"   -mcpu=cortex-m3 -T"C:\Users\cesar\STM32CubeIDE\workspace_1.2.0\Projeto-stm32\Cronometro\STM32F103C8TX_FLASH.ld" --specs=nosys.specs -Wl,-Map="Cronometro.map" -Wl,--gc-sections -static --specs=nano.specs -mfloat-abi=soft -mthumb -Wl,--start-group -lc -lm -Wl,--end-group
Finished building target: Cronometro.elf
 
arm-none-eabi-objdump -h -S  Cronometro.elf  > "Cronometro.list"
arm-none-eabi-objcopy  -O binary  Cronometro.elf  "Cronometro.bin"
arm-none-eabi-size   Cronometro.elf 
   text	   data	    bss	    dec	    hex	filename
  13612	     28	   2684	  16324	   3fc4	Cronometro.elf
Finished building: default.size.stdout
 
Finished building: Cronometro.bin
 
Finished building: Cronometro.list
 
18:30:38 **** Incremental Build of configuration Debug for project Cronometro ****
make -j8 all 
arm-none-eabi-size   Cronometro.elf 
   text	   data	    bss	    dec	    hex	filename
  13612	     28	   2684	  16324	   3fc4	Cronometro.elf
Finished building: default.size.stdout
 
18:33:22 **** Incremental Build of configuration Debug for project Cronometro ****
make -j8 all 
arm-none-eabi-gcc "../Core/Src/main.c" -mcpu=cortex-m3 -std=gnu11 -g3 -DUSE_HAL_DRIVER -DSTM32F103xB -DDEBUG -c -I../Drivers/CMSIS/Device/ST/STM32F1xx/Include -I../Drivers/CMSIS/Include -I../Core/Inc -I../Drivers/STM32F1xx_HAL_Driver/Inc/Legacy -I../Drivers/STM32F1xx_HAL_Driver/Inc -O0 -ffunction-sections -fdata-sections -Wall -fstack-usage -MMD -MP -MF"Core/Src/main.d" -MT"Core/Src/main.o" --specs=nano.specs -mfloat-abi=soft -mthumb -o "Core/Src/main.o"
arm-none-eabi-gcc -o "Cronometro.elf" @"objects.list"   -mcpu=cortex-m3 -T"C:\Users\cesar\STM32CubeIDE\workspace_1.2.0\Projeto-stm32\Cronometro\STM32F103C8TX_FLASH.ld" --specs=nosys.specs -Wl,-Map="Cronometro.map" -Wl,--gc-sections -static --specs=nano.specs -mfloat-abi=soft -mthumb -Wl,--start-group -lc -lm -Wl,--end-group
Finished building target: Cronometro.elf
 
arm-none-eabi-objdump -h -S  Cronometro.elf  > "Cronometro.list"
arm-none-eabi-objcopy  -O binary  Cronometro.elf  "Cronometro.bin"
arm-none-eabi-size   Cronometro.elf 
   text	   data	    bss	    dec	    hex	filename
  13612	     28	   2684	  16324	   3fc4	Cronometro.elf
Finished building: default.size.stdout
 
Finished building: Cronometro.bin
Finished building: Cronometro.list
 
 
18:39:19 **** Incremental Build of configuration Debug for project Cronometro ****
make -j8 all 
arm-none-eabi-gcc "../Core/Src/main.c" -mcpu=cortex-m3 -std=gnu11 -g3 -DUSE_HAL_DRIVER -DSTM32F103xB -DDEBUG -c -I../Drivers/CMSIS/Device/ST/STM32F1xx/Include -I../Drivers/CMSIS/Include -I../Core/Inc -I../Drivers/STM32F1xx_HAL_Driver/Inc/Legacy -I../Drivers/STM32F1xx_HAL_Driver/Inc -O0 -ffunction-sections -fdata-sections -Wall -fstack-usage -MMD -MP -MF"Core/Src/main.d" -MT"Core/Src/main.o" --specs=nano.specs -mfloat-abi=soft -mthumb -o "Core/Src/main.o"
arm-none-eabi-gcc -o "Cronometro.elf" @"objects.list"   -mcpu=cortex-m3 -T"C:\Users\cesar\STM32CubeIDE\workspace_1.2.0\Projeto-stm32\Cronometro\STM32F103C8TX_FLASH.ld" --specs=nosys.specs -Wl,-Map="Cronometro.map" -Wl,--gc-sections -static --specs=nano.specs -mfloat-abi=soft -mthumb -Wl,--start-group -lc -lm -Wl,--end-group
Finished building target: Cronometro.elf
 
arm-none-eabi-objdump -h -S  Cronometro.elf  > "Cronometro.list"
arm-none-eabi-objcopy  -O binary  Cronometro.elf  "Cronometro.bin"
arm-none-eabi-size   Cronometro.elf 
   text	   data	    bss	    dec	    hex	filename
  13612	     28	   2684	  16324	   3fc4	Cronometro.elf
Finished building: default.size.stdout
 
Finished building: Cronometro.bin
Finished building: Cronometro.list
 
 
18:56:44 **** Incremental Build of configuration Debug for project Cronometro ****
make -j8 all 
arm-none-eabi-gcc "../Core/Src/main.c" -mcpu=cortex-m3 -std=gnu11 -g3 -DUSE_HAL_DRIVER -DSTM32F103xB -DDEBUG -c -I../Drivers/CMSIS/Device/ST/STM32F1xx/Include -I../Drivers/CMSIS/Include -I../Core/Inc -I../Drivers/STM32F1xx_HAL_Driver/Inc/Legacy -I../Drivers/STM32F1xx_HAL_Driver/Inc -O0 -ffunction-sections -fdata-sections -Wall -fstack-usage -MMD -MP -MF"Core/Src/main.d" -MT"Core/Src/main.o" --specs=nano.specs -mfloat-abi=soft -mthumb -o "Core/Src/main.o"
arm-none-eabi-gcc -o "Cronometro.elf" @"objects.list"   -mcpu=cortex-m3 -T"C:\Users\cesar\STM32CubeIDE\workspace_1.2.0\Projeto-stm32\Cronometro\STM32F103C8TX_FLASH.ld" --specs=nosys.specs -Wl,-Map="Cronometro.map" -Wl,--gc-sections -static --specs=nano.specs -mfloat-abi=soft -mthumb -Wl,--start-group -lc -lm -Wl,--end-group
Finished building target: Cronometro.elf
 
arm-none-eabi-objdump -h -S  Cronometro.elf  > "Cronometro.list"
arm-none-eabi-objcopy  -O binary  Cronometro.elf  "Cronometro.bin"
arm-none-eabi-size   Cronometro.elf 
   text	   data	    bss	    dec	    hex	filename
  13628	     28	   2684	  16340	   3fd4	Cronometro.elf
Finished building: default.size.stdout
 
Finished building: Cronometro.bin
Finished building: Cronometro.list
 
 
18:59:51 **** Incremental Build of configuration Debug for project Cronometro ****
make -j8 all 
arm-none-eabi-gcc "../Core/Src/main.c" -mcpu=cortex-m3 -std=gnu11 -g3 -DUSE_HAL_DRIVER -DSTM32F103xB -DDEBUG -c -I../Drivers/CMSIS/Device/ST/STM32F1xx/Include -I../Drivers/CMSIS/Include -I../Core/Inc -I../Drivers/STM32F1xx_HAL_Driver/Inc/Legacy -I../Drivers/STM32F1xx_HAL_Driver/Inc -O0 -ffunction-sections -fdata-sections -Wall -fstack-usage -MMD -MP -MF"Core/Src/main.d" -MT"Core/Src/main.o" --specs=nano.specs -mfloat-abi=soft -mthumb -o "Core/Src/main.o"
arm-none-eabi-gcc -o "Cronometro.elf" @"objects.list"   -mcpu=cortex-m3 -T"C:\Users\cesar\STM32CubeIDE\workspace_1.2.0\Projeto-stm32\Cronometro\STM32F103C8TX_FLASH.ld" --specs=nosys.specs -Wl,-Map="Cronometro.map" -Wl,--gc-sections -static --specs=nano.specs -mfloat-abi=soft -mthumb -Wl,--start-group -lc -lm -Wl,--end-group
Finished building target: Cronometro.elf
 
arm-none-eabi-objdump -h -S  Cronometro.elf  > "Cronometro.list"
arm-none-eabi-objcopy  -O binary  Cronometro.elf  "Cronometro.bin"
arm-none-eabi-size   Cronometro.elf 
   text	   data	    bss	    dec	    hex	filename
  13628	     28	   2684	  16340	   3fd4	Cronometro.elf
Finished building: default.size.stdout
 
Finished building: Cronometro.bin
Finished building: Cronometro.list
 
 
19:04:02 **** Incremental Build of configuration Debug for project Cronometro ****
make -j8 all 
arm-none-eabi-size   Cronometro.elf 
   text	   data	    bss	    dec	    hex	filename
  13628	     28	   2684	  16340	   3fd4	Cronometro.elf
Finished building: default.size.stdout
 
19:06:14 **** Incremental Build of configuration Debug for project Cronometro ****
make -j8 all 
arm-none-eabi-gcc "../Core/Src/main.c" -mcpu=cortex-m3 -std=gnu11 -g3 -DUSE_HAL_DRIVER -DSTM32F103xB -DDEBUG -c -I../Drivers/CMSIS/Device/ST/STM32F1xx/Include -I../Drivers/CMSIS/Include -I../Core/Inc -I../Drivers/STM32F1xx_HAL_Driver/Inc/Legacy -I../Drivers/STM32F1xx_HAL_Driver/Inc -O0 -ffunction-sections -fdata-sections -Wall -fstack-usage -MMD -MP -MF"Core/Src/main.d" -MT"Core/Src/main.o" --specs=nano.specs -mfloat-abi=soft -mthumb -o "Core/Src/main.o"
arm-none-eabi-gcc -o "Cronometro.elf" @"objects.list"   -mcpu=cortex-m3 -T"C:\Users\cesar\STM32CubeIDE\workspace_1.2.0\Projeto-stm32\Cronometro\STM32F103C8TX_FLASH.ld" --specs=nosys.specs -Wl,-Map="Cronometro.map" -Wl,--gc-sections -static --specs=nano.specs -mfloat-abi=soft -mthumb -Wl,--start-group -lc -lm -Wl,--end-group
Finished building target: Cronometro.elf
 
arm-none-eabi-objdump -h -S  Cronometro.elf  > "Cronometro.list"
arm-none-eabi-objcopy  -O binary  Cronometro.elf  "Cronometro.bin"
arm-none-eabi-size   Cronometro.elf 
   text	   data	    bss	    dec	    hex	filename
  13628	     28	   2684	  16340	   3fd4	Cronometro.elf
Finished building: default.size.stdout
 
Finished building: Cronometro.bin
Finished building: Cronometro.list
 
 
19:18:02 **** Incremental Build of configuration Debug for project Cronometro ****
make -j8 all 
arm-none-eabi-gcc "../Core/Src/main.c" -mcpu=cortex-m3 -std=gnu11 -g3 -DUSE_HAL_DRIVER -DSTM32F103xB -DDEBUG -c -I../Drivers/CMSIS/Device/ST/STM32F1xx/Include -I../Drivers/CMSIS/Include -I../Core/Inc -I../Drivers/STM32F1xx_HAL_Driver/Inc/Legacy -I../Drivers/STM32F1xx_HAL_Driver/Inc -O0 -ffunction-sections -fdata-sections -Wall -fstack-usage -MMD -MP -MF"Core/Src/main.d" -MT"Core/Src/main.o" --specs=nano.specs -mfloat-abi=soft -mthumb -o "Core/Src/main.o"
../Core/Src/main.c: In function 'main':
../Core/Src/main.c:170:6: error: expected ';' before 'SSD1306_GotoXY'
      SSD1306_GotoXY (16,20);
      ^~~~~~~~~~~~~~
make: *** [Core/Src/subdir.mk:44: Core/Src/main.o] Error 1
"make -j8 all" terminated with exit code 2. Build might be incomplete.
19:18:22 **** Incremental Build of configuration Debug for project Cronometro ****
make -j8 all 
arm-none-eabi-gcc "../Core/Src/main.c" -mcpu=cortex-m3 -std=gnu11 -g3 -DUSE_HAL_DRIVER -DSTM32F103xB -DDEBUG -c -I../Drivers/CMSIS/Device/ST/STM32F1xx/Include -I../Drivers/CMSIS/Include -I../Core/Inc -I../Drivers/STM32F1xx_HAL_Driver/Inc/Legacy -I../Drivers/STM32F1xx_HAL_Driver/Inc -O0 -ffunction-sections -fdata-sections -Wall -fstack-usage -MMD -MP -MF"Core/Src/main.d" -MT"Core/Src/main.o" --specs=nano.specs -mfloat-abi=soft -mthumb -o "Core/Src/main.o"
arm-none-eabi-gcc -o "Cronometro.elf" @"objects.list"   -mcpu=cortex-m3 -T"C:\Users\cesar\STM32CubeIDE\workspace_1.2.0\Projeto-stm32\Cronometro\STM32F103C8TX_FLASH.ld" --specs=nosys.specs -Wl,-Map="Cronometro.map" -Wl,--gc-sections -static --specs=nano.specs -mfloat-abi=soft -mthumb -Wl,--start-group -lc -lm -Wl,--end-group
Finished building target: Cronometro.elf
 
arm-none-eabi-objdump -h -S  Cronometro.elf  > "Cronometro.list"
arm-none-eabi-objcopy  -O binary  Cronometro.elf  "Cronometro.bin"
arm-none-eabi-size   Cronometro.elf 
   text	   data	    bss	    dec	    hex	filename
  13636	     28	   2684	  16348	   3fdc	Cronometro.elf
Finished building: default.size.stdout
 
Finished building: Cronometro.bin
 
Finished building: Cronometro.list
 
19:19:48 **** Incremental Build of configuration Debug for project Cronometro ****
make -j8 all 
arm-none-eabi-size   Cronometro.elf 
   text	   data	    bss	    dec	    hex	filename
  13636	     28	   2684	  16348	   3fdc	Cronometro.elf
Finished building: default.size.stdout
 
19:20:06 **** Incremental Build of configuration Debug for project Cronometro ****
make -j8 all 
arm-none-eabi-size   Cronometro.elf 
   text	   data	    bss	    dec	    hex	filename
  13636	     28	   2684	  16348	   3fdc	Cronometro.elf
Finished building: default.size.stdout
 
19:22:20 **** Incremental Build of configuration Debug for project Cronometro ****
make -j8 all 
arm-none-eabi-gcc "../Core/Src/main.c" -mcpu=cortex-m3 -std=gnu11 -g3 -DUSE_HAL_DRIVER -DSTM32F103xB -DDEBUG -c -I../Drivers/CMSIS/Device/ST/STM32F1xx/Include -I../Drivers/CMSIS/Include -I../Core/Inc -I../Drivers/STM32F1xx_HAL_Driver/Inc/Legacy -I../Drivers/STM32F1xx_HAL_Driver/Inc -O0 -ffunction-sections -fdata-sections -Wall -fstack-usage -MMD -MP -MF"Core/Src/main.d" -MT"Core/Src/main.o" --specs=nano.specs -mfloat-abi=soft -mthumb -o "Core/Src/main.o"
arm-none-eabi-gcc -o "Cronometro.elf" @"objects.list"   -mcpu=cortex-m3 -T"C:\Users\cesar\STM32CubeIDE\workspace_1.2.0\Projeto-stm32\Cronometro\STM32F103C8TX_FLASH.ld" --specs=nosys.specs -Wl,-Map="Cronometro.map" -Wl,--gc-sections -static --specs=nano.specs -mfloat-abi=soft -mthumb -Wl,--start-group -lc -lm -Wl,--end-group
Finished building target: Cronometro.elf
 
arm-none-eabi-objdump -h -S  Cronometro.elf  > "Cronometro.list"
arm-none-eabi-objcopy  -O binary  Cronometro.elf  "Cronometro.bin"
arm-none-eabi-size   Cronometro.elf 
   text	   data	    bss	    dec	    hex	filename
  13636	     28	   2684	  16348	   3fdc	Cronometro.elf
Finished building: default.size.stdout
 
Finished building: Cronometro.bin
Finished building: Cronometro.list
 
 
19:22:51 **** Incremental Build of configuration Debug for project Cronometro ****
make -j8 all 
arm-none-eabi-size   Cronometro.elf 
   text	   data	    bss	    dec	    hex	filename
  13636	     28	   2684	  16348	   3fdc	Cronometro.elf
Finished building: default.size.stdout
 
19:25:25 **** Incremental Build of configuration Debug for project Cronometro ****
make -j8 all 
arm-none-eabi-gcc "../Core/Src/main.c" -mcpu=cortex-m3 -std=gnu11 -g3 -DUSE_HAL_DRIVER -DSTM32F103xB -DDEBUG -c -I../Drivers/CMSIS/Device/ST/STM32F1xx/Include -I../Drivers/CMSIS/Include -I../Core/Inc -I../Drivers/STM32F1xx_HAL_Driver/Inc/Legacy -I../Drivers/STM32F1xx_HAL_Driver/Inc -O0 -ffunction-sections -fdata-sections -Wall -fstack-usage -MMD -MP -MF"Core/Src/main.d" -MT"Core/Src/main.o" --specs=nano.specs -mfloat-abi=soft -mthumb -o "Core/Src/main.o"
arm-none-eabi-gcc -o "Cronometro.elf" @"objects.list"   -mcpu=cortex-m3 -T"C:\Users\cesar\STM32CubeIDE\workspace_1.2.0\Projeto-stm32\Cronometro\STM32F103C8TX_FLASH.ld" --specs=nosys.specs -Wl,-Map="Cronometro.map" -Wl,--gc-sections -static --specs=nano.specs -mfloat-abi=soft -mthumb -Wl,--start-group -lc -lm -Wl,--end-group
Finished building target: Cronometro.elf
 
arm-none-eabi-objdump -h -S  Cronometro.elf  > "Cronometro.list"
arm-none-eabi-objcopy  -O binary  Cronometro.elf  "Cronometro.bin"
arm-none-eabi-size   Cronometro.elf 
   text	   data	    bss	    dec	    hex	filename
  13640	     28	   2684	  16352	   3fe0	Cronometro.elf
Finished building: default.size.stdout
 
Finished building: Cronometro.bin
Finished building: Cronometro.list
 
 
19:26:26 **** Incremental Build of configuration Debug for project Cronometro ****
make -j8 all 
arm-none-eabi-gcc "../Core/Src/main.c" -mcpu=cortex-m3 -std=gnu11 -g3 -DUSE_HAL_DRIVER -DSTM32F103xB -DDEBUG -c -I../Drivers/CMSIS/Device/ST/STM32F1xx/Include -I../Drivers/CMSIS/Include -I../Core/Inc -I../Drivers/STM32F1xx_HAL_Driver/Inc/Legacy -I../Drivers/STM32F1xx_HAL_Driver/Inc -O0 -ffunction-sections -fdata-sections -Wall -fstack-usage -MMD -MP -MF"Core/Src/main.d" -MT"Core/Src/main.o" --specs=nano.specs -mfloat-abi=soft -mthumb -o "Core/Src/main.o"
arm-none-eabi-gcc -o "Cronometro.elf" @"objects.list"   -mcpu=cortex-m3 -T"C:\Users\cesar\STM32CubeIDE\workspace_1.2.0\Projeto-stm32\Cronometro\STM32F103C8TX_FLASH.ld" --specs=nosys.specs -Wl,-Map="Cronometro.map" -Wl,--gc-sections -static --specs=nano.specs -mfloat-abi=soft -mthumb -Wl,--start-group -lc -lm -Wl,--end-group
Finished building target: Cronometro.elf
 
arm-none-eabi-objdump -h -S  Cronometro.elf  > "Cronometro.list"
arm-none-eabi-objcopy  -O binary  Cronometro.elf  "Cronometro.bin"
arm-none-eabi-size   Cronometro.elf 
   text	   data	    bss	    dec	    hex	filename
  13640	     28	   2684	  16352	   3fe0	Cronometro.elf
Finished building: default.size.stdout
 
Finished building: Cronometro.bin
Finished building: Cronometro.list
 
 
